Determining if the pthread_create exist failed with the following output:
Change Dir: /home/pi/apollo_ws/build/CMakeFiles/CMakeTmp

Run Build Command:"/usr/bin/make" "cmTC_aae2d/fast"
/usr/bin/make -f CMakeFiles/cmTC_aae2d.dir/build.make CMakeFiles/cmTC_aae2d.dir/build
make[1]: Entering directory '/home/pi/apollo_ws/build/CMakeFiles/CMakeTmp'
Building C object CMakeFiles/cmTC_aae2d.dir/CheckSymbolExists.c.o
/usr/bin/cc     -o CMakeFiles/cmTC_aae2d.dir/CheckSymbolExists.c.o   -c /home/pi/apollo_ws/build/CMakeFiles/CMakeTmp/CheckSymbolExists.c
Linking C executable cmTC_aae2d
/usr/bin/cmake -E cmake_link_script CMakeFiles/cmTC_aae2d.dir/link.txt --verbose=1
/usr/bin/cc       CMakeFiles/cmTC_aae2d.dir/CheckSymbolExists.c.o  -o cmTC_aae2d -rdynamic 
CMakeFiles/cmTC_aae2d.dir/CheckSymbolExists.c.o: In function `main':
CheckSymbolExists.c:(.text+0x38): undefined reference to `pthread_create'
collect2: error: ld returned 1 exit status
CMakeFiles/cmTC_aae2d.dir/build.make:97: recipe for target 'cmTC_aae2d' failed
make[1]: *** [cmTC_aae2d] Error 1
make[1]: Leaving directory '/home/pi/apollo_ws/build/CMakeFiles/CMakeTmp'
Makefile:126: recipe for target 'cmTC_aae2d/fast' failed
make: *** [cmTC_aae2d/fast] Error 2

File /home/pi/apollo_ws/build/CMakeFiles/CMakeTmp/CheckSymbolExists.c:
/* */
#include <pthread.h>

int main(int argc, char** argv)
{
  (void)argv;
#ifndef pthread_create
  return ((int*)(&pthread_create))[argc];
#else
  (void)argc;
  return 0;
#endif
}

Determining if the function pthread_create exists in the pthreads failed with the following output:
Change Dir: /home/pi/apollo_ws/build/CMakeFiles/CMakeTmp

Run Build Command:"/usr/bin/make" "cmTC_f6eec/fast"
/usr/bin/make -f CMakeFiles/cmTC_f6eec.dir/build.make CMakeFiles/cmTC_f6eec.dir/build
make[1]: Entering directory '/home/pi/apollo_ws/build/CMakeFiles/CMakeTmp'
Building C object CMakeFiles/cmTC_f6eec.dir/CheckFunctionExists.c.o
/usr/bin/cc    -DCHECK_FUNCTION_EXISTS=pthread_create   -o CMakeFiles/cmTC_f6eec.dir/CheckFunctionExists.c.o   -c /usr/share/cmake-3.6/Modules/CheckFunctionExists.c
Linking C executable cmTC_f6eec
/usr/bin/cmake -E cmake_link_script CMakeFiles/cmTC_f6eec.dir/link.txt --verbose=1
/usr/bin/cc   -DCHECK_FUNCTION_EXISTS=pthread_create    CMakeFiles/cmTC_f6eec.dir/CheckFunctionExists.c.o  -o cmTC_f6eec -rdynamic -lpthreads 
/usr/bin/ld: cannot find -lpthreads
collect2: error: ld returned 1 exit status
CMakeFiles/cmTC_f6eec.dir/build.make:97: recipe for target 'cmTC_f6eec' failed
make[1]: *** [cmTC_f6eec] Error 1
make[1]: Leaving directory '/home/pi/apollo_ws/build/CMakeFiles/CMakeTmp'
Makefile:126: recipe for target 'cmTC_f6eec/fast' failed
make: *** [cmTC_f6eec/fast] Error 2


